<?xml version="1.0" encoding="UTF-8"?>
<!-- Generated by org.testng.reporters.JUnitXMLReporter -->
<testsuite ignored="1" hostname="DESKTOP-IODHK5L" failures="0" tests="3" name="Test" time="0.226" errors="0" timestamp="2025-12-31T11:28:44 IST">
  <testcase classname="jenkins.Demo1Test" name="m1" time="0.043"/>
  <testcase classname="jenkins.Simple1Test" name="m3" time="0.004"/>
  <testcase classname="jenkins.sample1Test" name="m1" time="0.006"/>
  <testcase classname="jenkins.Demo1Test" name="m2" time="0.0">
    <ignored/>
  </testcase> <!-- m2 -->
</testsuite> <!-- Test -->
